<?xml version="1.0" encoding="UTF-8"?>
<!-- Generated by org.testng.reporters.JUnitReportReporter -->
<testsuite hostname="Avinash_Ashwini" failures="0" tests="5" name="httprequests.pathqueryparameters" time="4.744" errors="0" timestamp="20 Nov 2023 06:12:22 GMT" skipped="0">
  <testcase classname="httprequests.pathqueryparameters" name="pathqueryparameters" time="2.909"/>
  <testcase classname="httprequests.pathqueryparameters" name="getcookieinfo" time="0.529"/>
  <testcase classname="httprequests.pathqueryparameters" name="getcookiesinfo" time="0.427"/>
  <testcase classname="httprequests.pathqueryparameters" name="testheaders" time="0.479"/>
  <testcase classname="httprequests.pathqueryparameters" name="testallheaders" time="0.400"/>
</testsuite> <!-- httprequests.pathqueryparameters -->
