<?xml version="1.0" encoding="UTF-8"?>
<!-- Generated by org.testng.reporters.JUnitReportReporter -->
<testsuite hostname="Avinash_Ashwini" failures="0" tests="4" name="httprequests.httprequests" time="6.868" errors="0" timestamp="20 Nov 2023 06:12:08 GMT" skipped="0">
  <testcase classname="httprequests.httprequests" name="getUser" time="3.914"/>
  <testcase classname="httprequests.httprequests" name="createUser" time="1.147"/>
  <testcase classname="httprequests.httprequests" name="updateUser" time="1.238"/>
  <testcase classname="httprequests.httprequests" name="deleteUser" time="0.569"/>
</testsuite> <!-- httprequests.httprequests -->
